2019-12-10 00:43:39.516 [main] INFO  o.s.c.a.AnnotationConfigApplicationContext -Refreshing org.springframework.context.annotation.AnnotationConfigApplicationContext@5143c662: startup date [Tue Dec 10 00:43:39 CST 2019]; root of context hierarchy
2019-12-10 00:43:41.070 [main] INFO  o.s.b.f.a.AutowiredAnnotationBeanPostProcessor -JSR-330 'javax.inject.Inject' annotation found and supported for autowiring
2019-12-10 00:43:41.058 [background-preinit] INFO  o.h.validator.internal.util.Version -HV000001: Hibernate Validator 5.3.4.Final
2019-12-10 00:43:41.265 [main] INFO  o.s.c.s.PostProcessorRegistrationDelegate$BeanPostProcessorChecker -Bean 'configurationPropertiesRebinderAutoConfiguration' of type [org.springframework.cloud.autoconfigure.ConfigurationPropertiesRebinderAutoConfiguration$$EnhancerBySpringCGLIB$$5c861c2f] is not eligible for getting processed by all BeanPostProcessors (for example: not eligible for auto-proxying)
2019-12-10 00:43:47.894 [main] INFO  com.lovnx.EurekaServer -No active profile set, falling back to default profiles: default
2019-12-10 00:43:48.022 [main] INFO  o.s.b.c.e.AnnotationConfigEmbeddedWebApplicationContext -Refreshing org.springframework.boot.context.embedded.AnnotationConfigEmbeddedWebApplicationContext@469d003c: startup date [Tue Dec 10 00:43:48 CST 2019]; parent: org.springframework.context.annotation.AnnotationConfigApplicationContext@5143c662
2019-12-10 00:43:50.919 [main] WARN  o.s.c.a.ConfigurationClassPostProcessor -Cannot enhance @Configuration bean definition 'refreshScope' since its singleton instance has been created too early. The typical cause is a non-static @Bean method with a BeanDefinitionRegistryPostProcessor return type: Consider declaring such methods as 'static'.
2019-12-10 00:43:51.445 [main] INFO  o.s.cloud.context.scope.GenericScope -BeanFactory id=1e683dc0-0069-36b2-9921-18a155ebd659
2019-12-10 00:43:51.500 [main] INFO  o.s.b.f.a.AutowiredAnnotationBeanPostProcessor -JSR-330 'javax.inject.Inject' annotation found and supported for autowiring
2019-12-10 00:43:52.248 [main] INFO  o.s.c.s.PostProcessorRegistrationDelegate$BeanPostProcessorChecker -Bean 'org.springframework.cloud.autoconfigure.ConfigurationPropertiesRebinderAutoConfiguration' of type [org.springframework.cloud.autoconfigure.ConfigurationPropertiesRebinderAutoConfiguration$$EnhancerBySpringCGLIB$$5c861c2f] is not eligible for getting processed by all BeanPostProcessors (for example: not eligible for auto-proxying)
2019-12-10 00:43:53.171 [main] INFO  o.s.b.c.e.t.TomcatEmbeddedServletContainer -Tomcat initialized with port(s): 7070 (http)
2019-12-10 00:43:53.235 [main] INFO  o.a.catalina.core.StandardService -Starting service Tomcat
2019-12-10 00:43:53.237 [main] INFO  o.a.catalina.core.StandardEngine -Starting Servlet Engine: Apache Tomcat/8.5.11
2019-12-10 00:43:53.844 [localhost-startStop-1] INFO  o.a.c.c.C.[Tomcat].[localhost].[/] -Initializing Spring embedded WebApplicationContext
2019-12-10 00:43:53.846 [localhost-startStop-1] INFO  o.s.web.context.ContextLoader -Root WebApplicationContext: initialization completed in 5824 ms
2019-12-10 00:43:57.125 [localhost-startStop-1] INFO  o.s.b.w.s.FilterRegistrationBean -Mapping filter: 'metricsFilter' to: [/*]
2019-12-10 00:43:57.126 [localhost-startStop-1] INFO  o.s.b.w.s.FilterRegistrationBean -Mapping filter: 'characterEncodingFilter' to: [/*]
2019-12-10 00:43:57.126 [localhost-startStop-1] INFO  o.s.b.w.s.FilterRegistrationBean -Mapping filter: 'hiddenHttpMethodFilter' to: [/*]
2019-12-10 00:43:57.126 [localhost-startStop-1] INFO  o.s.b.w.s.FilterRegistrationBean -Mapping filter: 'httpPutFormContentFilter' to: [/*]
2019-12-10 00:43:57.127 [localhost-startStop-1] INFO  o.s.b.w.s.FilterRegistrationBean -Mapping filter: 'requestContextFilter' to: [/*]
2019-12-10 00:43:57.127 [localhost-startStop-1] INFO  o.s.b.w.s.FilterRegistrationBean -Mapping filter: 'webRequestTraceFilter' to: [/*]
2019-12-10 00:43:57.127 [localhost-startStop-1] INFO  o.s.b.w.s.FilterRegistrationBean -Mapping filter: 'servletContainer' to urls: [/eureka/*]
2019-12-10 00:43:57.128 [localhost-startStop-1] INFO  o.s.b.w.s.FilterRegistrationBean -Mapping filter: 'applicationContextIdFilter' to: [/*]
2019-12-10 00:43:57.128 [localhost-startStop-1] INFO  o.s.b.w.s.ServletRegistrationBean -Mapping servlet: 'dispatcherServlet' to [/]
2019-12-10 00:43:57.373 [localhost-startStop-1] INFO  c.s.j.s.i.a.WebApplicationImpl -Initiating Jersey application, version 'Jersey: 1.19.1 03/11/2016 02:08 PM'
2019-12-10 00:43:57.677 [localhost-startStop-1] INFO  c.n.d.p.DiscoveryJerseyProvider -Using JSON encoding codec LegacyJacksonJson
2019-12-10 00:43:57.677 [localhost-startStop-1] INFO  c.n.d.p.DiscoveryJerseyProvider -Using JSON decoding codec LegacyJacksonJson
2019-12-10 00:43:58.144 [localhost-startStop-1] INFO  c.n.d.p.DiscoveryJerseyProvider -Using XML encoding codec XStreamXml
2019-12-10 00:43:58.144 [localhost-startStop-1] INFO  c.n.d.p.DiscoveryJerseyProvider -Using XML decoding codec XStreamXml
2019-12-10 00:44:03.314 [main] INFO  o.s.c.n.eureka.InstanceInfoFactory -Setting initial instance status as: STARTING
2019-12-10 00:44:03.434 [main] INFO  c.netflix.discovery.DiscoveryClient -Client configured to neither register nor query for data.
2019-12-10 00:44:03.449 [main] INFO  c.netflix.discovery.DiscoveryClient -Discovery Client initialized at timestamp 1575909843449 with initial instances count: 0
2019-12-10 00:44:04.130 [main] INFO  c.n.e.DefaultEurekaServerContext -Initializing ...
2019-12-10 00:44:04.134 [main] INFO  c.n.eureka.cluster.PeerEurekaNodes -Adding new peer nodes [http://localhost:7070/eureka/]
2019-12-10 00:44:04.556 [main] INFO  c.n.d.p.DiscoveryJerseyProvider -Using JSON encoding codec LegacyJacksonJson
2019-12-10 00:44:04.557 [main] INFO  c.n.d.p.DiscoveryJerseyProvider -Using JSON decoding codec LegacyJacksonJson
2019-12-10 00:44:04.558 [main] INFO  c.n.d.p.DiscoveryJerseyProvider -Using XML encoding codec XStreamXml
2019-12-10 00:44:04.559 [main] INFO  c.n.d.p.DiscoveryJerseyProvider -Using XML decoding codec XStreamXml
2019-12-10 00:44:06.085 [main] INFO  c.n.eureka.cluster.PeerEurekaNodes -Replica node URL:  http://localhost:7070/eureka/
2019-12-10 00:44:06.116 [main] INFO  c.n.e.r.AbstractInstanceRegistry -Finished initializing remote region registries. All known remote regions: []
2019-12-10 00:44:06.118 [main] INFO  c.n.e.DefaultEurekaServerContext -Initialized
2019-12-10 00:44:07.444 [main] INFO  o.s.w.s.m.m.a.RequestMappingHandlerAdapter -Looking for @ControllerAdvice: org.springframework.boot.context.embedded.AnnotationConfigEmbeddedWebApplicationContext@469d003c: startup date [Tue Dec 10 00:43:48 CST 2019]; parent: org.springframework.context.annotation.AnnotationConfigApplicationContext@5143c662
2019-12-10 00:44:09.160 [main] INFO  o.s.w.s.m.m.a.RequestMappingHandlerMapping -Mapped "{[/],methods=[GET]}" onto public java.lang.String org.springframework.cloud.netflix.eureka.server.EurekaController.status(javax.servlet.http.HttpServletRequest,java.util.Map<java.lang.String, java.lang.Object>)
2019-12-10 00:44:09.163 [main] INFO  o.s.w.s.m.m.a.RequestMappingHandlerMapping -Mapped "{[/lastn],methods=[GET]}" onto public java.lang.String org.springframework.cloud.netflix.eureka.server.EurekaController.lastn(javax.servlet.http.HttpServletRequest,java.util.Map<java.lang.String, java.lang.Object>)
2019-12-10 00:44:09.183 [main] INFO  o.s.w.s.m.m.a.RequestMappingHandlerMapping -Mapped "{[/error]}" onto public org.springframework.http.ResponseEntity<java.util.Map<java.lang.String, java.lang.Object>> org.springframework.boot.autoconfigure.web.BasicErrorController.error(javax.servlet.http.HttpServletRequest)
2019-12-10 00:44:09.184 [main] INFO  o.s.w.s.m.m.a.RequestMappingHandlerMapping -Mapped "{[/error],produces=[text/html]}" onto public org.springframework.web.servlet.ModelAndView org.springframework.boot.autoconfigure.web.BasicErrorController.errorHtml(javax.servlet.http.HttpServletRequest,javax.servlet.http.HttpServletResponse)
2019-12-10 00:44:09.962 [main] INFO  o.s.w.s.h.SimpleUrlHandlerMapping -Mapped URL path [/webjars/**] onto handler of type [class org.springframework.web.servlet.resource.ResourceHttpRequestHandler]
2019-12-10 00:44:09.962 [main] INFO  o.s.w.s.h.SimpleUrlHandlerMapping -Mapped URL path [/**] onto handler of type [class org.springframework.web.servlet.resource.ResourceHttpRequestHandler]
2019-12-10 00:44:10.169 [main] INFO  o.s.w.s.h.SimpleUrlHandlerMapping -Mapped URL path [/**/favicon.ico] onto handler of type [class org.springframework.web.servlet.resource.ResourceHttpRequestHandler]
2019-12-10 00:44:12.276 [main] INFO  o.s.b.a.e.mvc.EndpointHandlerMapping -Mapped "{[/auditevents || /auditevents.json],methods=[GET],produces=[application/vnd.spring-boot.actuator.v1+json || application/json]}" onto public org.springframework.http.ResponseEntity<?> org.springframework.boot.actuate.endpoint.mvc.AuditEventsMvcEndpoint.findByPrincipalAndAfterAndType(java.lang.String,java.util.Date,java.lang.String)
2019-12-10 00:44:12.278 [main] INFO  o.s.b.a.e.mvc.EndpointHandlerMapping -Mapped "{[/pause || /pause.json],methods=[POST]}" onto public java.lang.Object org.springframework.cloud.endpoint.GenericPostableMvcEndpoint.invoke()
2019-12-10 00:44:12.281 [main] INFO  o.s.b.a.e.mvc.EndpointHandlerMapping -Mapped "{[/heapdump || /heapdump.json],methods=[GET],produces=[application/octet-stream]}" onto public void org.springframework.boot.actuate.endpoint.mvc.HeapdumpMvcEndpoint.invoke(boolean,javax.servlet.http.HttpServletRequest,javax.servlet.http.HttpServletResponse) throws java.io.IOException,javax.servlet.ServletException
2019-12-10 00:44:12.284 [main] INFO  o.s.b.a.e.mvc.EndpointHandlerMapping -Mapped "{[/env/{name:.*}],methods=[GET],produces=[application/vnd.spring-boot.actuator.v1+json || application/json]}" onto public java.lang.Object org.springframework.boot.actuate.endpoint.mvc.EnvironmentMvcEndpoint.value(java.lang.String)
2019-12-10 00:44:12.284 [main] INFO  o.s.b.a.e.mvc.EndpointHandlerMapping -Mapped "{[/env || /env.json],methods=[GET],produces=[application/vnd.spring-boot.actuator.v1+json || application/json]}" onto public java.lang.Object org.springframework.boot.actuate.endpoint.mvc.EndpointMvcAdapter.invoke()
2019-12-10 00:44:12.286 [main] INFO  o.s.b.a.e.mvc.EndpointHandlerMapping -Mapped "{[/beans || /beans.json],methods=[GET],produces=[application/vnd.spring-boot.actuator.v1+json || application/json]}" onto public java.lang.Object org.springframework.boot.actuate.endpoint.mvc.EndpointMvcAdapter.invoke()
2019-12-10 00:44:12.287 [main] INFO  o.s.b.a.e.mvc.EndpointHandlerMapping -Mapped "{[/metrics/{name:.*}],methods=[GET],produces=[application/vnd.spring-boot.actuator.v1+json || application/json]}" onto public java.lang.Object org.springframework.boot.actuate.endpoint.mvc.MetricsMvcEndpoint.value(java.lang.String)
2019-12-10 00:44:12.290 [main] INFO  o.s.b.a.e.mvc.EndpointHandlerMapping -Mapped "{[/metrics || /metrics.json],methods=[GET],produces=[application/vnd.spring-boot.actuator.v1+json || application/json]}" onto public java.lang.Object org.springframework.boot.actuate.endpoint.mvc.EndpointMvcAdapter.invoke()
2019-12-10 00:44:12.347 [main] INFO  o.s.b.a.e.mvc.EndpointHandlerMapping -Mapped "{[/configprops || /configprops.json],methods=[GET],produces=[application/vnd.spring-boot.actuator.v1+json || application/json]}" onto public java.lang.Object org.springframework.boot.actuate.endpoint.mvc.EndpointMvcAdapter.invoke()
2019-12-10 00:44:12.352 [main] INFO  o.s.b.a.e.mvc.EndpointHandlerMapping -Mapped "{[/features || /features.json],methods=[GET],produces=[application/vnd.spring-boot.actuator.v1+json || application/json]}" onto public java.lang.Object org.springframework.boot.actuate.endpoint.mvc.EndpointMvcAdapter.invoke()
2019-12-10 00:44:12.353 [main] INFO  o.s.b.a.e.mvc.EndpointHandlerMapping -Mapped "{[/dump || /dump.json],methods=[GET],produces=[application/vnd.spring-boot.actuator.v1+json || application/json]}" onto public java.lang.Object org.springframework.boot.actuate.endpoint.mvc.EndpointMvcAdapter.invoke()
2019-12-10 00:44:12.356 [main] INFO  o.s.b.a.e.mvc.EndpointHandlerMapping -Mapped "{[/autoconfig || /autoconfig.json],methods=[GET],produces=[application/vnd.spring-boot.actuator.v1+json || application/json]}" onto public java.lang.Object org.springframework.boot.actuate.endpoint.mvc.EndpointMvcAdapter.invoke()
2019-12-10 00:44:12.357 [main] INFO  o.s.b.a.e.mvc.EndpointHandlerMapping -Mapped "{[/refresh || /refresh.json],methods=[POST]}" onto public java.lang.Object org.springframework.cloud.endpoint.GenericPostableMvcEndpoint.invoke()
2019-12-10 00:44:12.359 [main] INFO  o.s.b.a.e.mvc.EndpointHandlerMapping -Mapped "{[/restart || /restart.json],methods=[POST]}" onto public java.lang.Object org.springframework.cloud.context.restart.RestartMvcEndpoint.invoke()
2019-12-10 00:44:12.361 [main] INFO  o.s.b.a.e.mvc.EndpointHandlerMapping -Mapped "{[/info || /info.json],methods=[GET],produces=[application/vnd.spring-boot.actuator.v1+json || application/json]}" onto public java.lang.Object org.springframework.boot.actuate.endpoint.mvc.EndpointMvcAdapter.invoke()
2019-12-10 00:44:12.363 [main] INFO  o.s.b.a.e.mvc.EndpointHandlerMapping -Mapped "{[/trace || /trace.json],methods=[GET],produces=[application/vnd.spring-boot.actuator.v1+json || application/json]}" onto public java.lang.Object org.springframework.boot.actuate.endpoint.mvc.EndpointMvcAdapter.invoke()
2019-12-10 00:44:12.367 [main] INFO  o.s.b.a.e.mvc.EndpointHandlerMapping -Mapped "{[/resume || /resume.json],methods=[POST]}" onto public java.lang.Object org.springframework.cloud.endpoint.GenericPostableMvcEndpoint.invoke()
2019-12-10 00:44:12.368 [main] INFO  o.s.b.a.e.mvc.EndpointHandlerMapping -Mapped "{[/env],methods=[POST]}" onto public java.lang.Object org.springframework.cloud.context.environment.EnvironmentManagerMvcEndpoint.value(java.util.Map<java.lang.String, java.lang.String>)
2019-12-10 00:44:12.368 [main] INFO  o.s.b.a.e.mvc.EndpointHandlerMapping -Mapped "{[/env/reset],methods=[POST]}" onto public java.util.Map<java.lang.String, java.lang.Object> org.springframework.cloud.context.environment.EnvironmentManagerMvcEndpoint.reset()
2019-12-10 00:44:12.372 [main] INFO  o.s.b.a.e.mvc.EndpointHandlerMapping -Mapped "{[/archaius || /archaius.json],methods=[GET],produces=[application/vnd.spring-boot.actuator.v1+json || application/json]}" onto public java.lang.Object org.springframework.boot.actuate.endpoint.mvc.EndpointMvcAdapter.invoke()
2019-12-10 00:44:12.373 [main] INFO  o.s.b.a.e.mvc.EndpointHandlerMapping -Mapped "{[/mappings || /mappings.json],methods=[GET],produces=[application/vnd.spring-boot.actuator.v1+json || application/json]}" onto public java.lang.Object org.springframework.boot.actuate.endpoint.mvc.EndpointMvcAdapter.invoke()
2019-12-10 00:44:12.377 [main] INFO  o.s.b.a.e.mvc.EndpointHandlerMapping -Mapped "{[/loggers/{name:.*}],methods=[GET],produces=[application/vnd.spring-boot.actuator.v1+json || application/json]}" onto public java.lang.Object org.springframework.boot.actuate.endpoint.mvc.LoggersMvcEndpoint.get(java.lang.String)
2019-12-10 00:44:12.378 [main] INFO  o.s.b.a.e.mvc.EndpointHandlerMapping -Mapped "{[/loggers/{name:.*}],methods=[POST],consumes=[application/vnd.spring-boot.actuator.v1+json || application/json],produces=[application/vnd.spring-boot.actuator.v1+json || application/json]}" onto public java.lang.Object org.springframework.boot.actuate.endpoint.mvc.LoggersMvcEndpoint.set(java.lang.String,java.util.Map<java.lang.String, java.lang.String>)
2019-12-10 00:44:12.379 [main] INFO  o.s.b.a.e.mvc.EndpointHandlerMapping -Mapped "{[/loggers || /loggers.json],methods=[GET],produces=[application/vnd.spring-boot.actuator.v1+json || application/json]}" onto public java.lang.Object org.springframework.boot.actuate.endpoint.mvc.EndpointMvcAdapter.invoke()
2019-12-10 00:44:12.383 [main] INFO  o.s.b.a.e.mvc.EndpointHandlerMapping -Mapped "{[/health || /health.json],methods=[GET],produces=[application/vnd.spring-boot.actuator.v1+json || application/json]}" onto public java.lang.Object org.springframework.boot.actuate.endpoint.mvc.HealthMvcEndpoint.invoke(javax.servlet.http.HttpServletRequest,java.security.Principal)
